CRITICAL - 2022-04-15 16:56:06 --> Call to undefined function set_values()
#0 C:\wamp64\www\portfolio\system\View\View.php(210): include()
#1 C:\wamp64\www\portfolio\system\View\View.php(213): CodeIgniter\View\View->CodeIgniter\View\{closure}()
#2 C:\wamp64\www\portfolio\system\Common.php(1089): CodeIgniter\View\View->render('template/header', Array, true)
#3 C:\wamp64\www\portfolio\app\Controllers\Home.php(9): view('template/header')
#4 C:\wamp64\www\portfolio\system\CodeIgniter.php(832): App\Controllers\Home->index()
#5 C:\wamp64\www\portfolio\system\CodeIgniter.php(419): CodeIgniter\CodeIgniter->runController(Object(App\Controllers\Home))
#6 C:\wamp64\www\portfolio\system\CodeIgniter.php(326): CodeIgniter\CodeIgniter->handleRequest(NULL, Object(Config\Cache), false)
#7 C:\wamp64\www\portfolio\public\index.php(37): CodeIgniter\CodeIgniter->run()
#8 {main}
CRITICAL - 2022-04-15 16:56:17 --> Call to undefined function set_values()
#0 C:\wamp64\www\portfolio\system\View\View.php(210): include()
#1 C:\wamp64\www\portfolio\system\View\View.php(213): CodeIgniter\View\View->CodeIgniter\View\{closure}()
#2 C:\wamp64\www\portfolio\system\Common.php(1089): CodeIgniter\View\View->render('template/header', Array, true)
#3 C:\wamp64\www\portfolio\app\Controllers\Home.php(9): view('template/header')
#4 C:\wamp64\www\portfolio\system\CodeIgniter.php(832): App\Controllers\Home->index()
#5 C:\wamp64\www\portfolio\system\CodeIgniter.php(419): CodeIgniter\CodeIgniter->runController(Object(App\Controllers\Home))
#6 C:\wamp64\www\portfolio\system\CodeIgniter.php(326): CodeIgniter\CodeIgniter->handleRequest(NULL, Object(Config\Cache), false)
#7 C:\wamp64\www\portfolio\public\index.php(37): CodeIgniter\CodeIgniter->run()
#8 {main}
CRITICAL - 2022-04-15 16:57:05 --> Call to undefined function set_values()
#0 C:\wamp64\www\portfolio\system\View\View.php(210): include()
#1 C:\wamp64\www\portfolio\system\View\View.php(213): CodeIgniter\View\View->CodeIgniter\View\{closure}()
#2 C:\wamp64\www\portfolio\system\Common.php(1089): CodeIgniter\View\View->render('template/header', Array, true)
#3 C:\wamp64\www\portfolio\app\Controllers\Home.php(9): view('template/header')
#4 C:\wamp64\www\portfolio\system\CodeIgniter.php(832): App\Controllers\Home->index()
#5 C:\wamp64\www\portfolio\system\CodeIgniter.php(419): CodeIgniter\CodeIgniter->runController(Object(App\Controllers\Home))
#6 C:\wamp64\www\portfolio\system\CodeIgniter.php(326): CodeIgniter\CodeIgniter->handleRequest(NULL, Object(Config\Cache), false)
#7 C:\wamp64\www\portfolio\public\index.php(37): CodeIgniter\CodeIgniter->run()
#8 {main}
CRITICAL - 2022-04-15 16:57:07 --> Call to undefined function set_values()
#0 C:\wamp64\www\portfolio\system\View\View.php(210): include()
#1 C:\wamp64\www\portfolio\system\View\View.php(213): CodeIgniter\View\View->CodeIgniter\View\{closure}()
#2 C:\wamp64\www\portfolio\system\Common.php(1089): CodeIgniter\View\View->render('template/header', Array, true)
#3 C:\wamp64\www\portfolio\app\Controllers\Home.php(9): view('template/header')
#4 C:\wamp64\www\portfolio\system\CodeIgniter.php(832): App\Controllers\Home->index()
#5 C:\wamp64\www\portfolio\system\CodeIgniter.php(419): CodeIgniter\CodeIgniter->runController(Object(App\Controllers\Home))
#6 C:\wamp64\www\portfolio\system\CodeIgniter.php(326): CodeIgniter\CodeIgniter->handleRequest(NULL, Object(Config\Cache), false)
#7 C:\wamp64\www\portfolio\public\index.php(37): CodeIgniter\CodeIgniter->run()
#8 {main}
